ERROR:MAAC-Web-Middleware:Failed to initialize LINE Bot: No module named 'linebot'
Traceback (most recent call last):
  File "/home/ai_studio_febcth/aunjai/api_server.py", line 12, in <module>
    from line_handler import handler as line_handler
  File "/home/ai_studio_febcth/aunjai/line_handler.py", line 4, in <module>
    from linebot.v3.webhook import WebhookHandler
ModuleNotFoundError: No module named 'linebot'
Traceback (most recent call last):
  File "/home/ai_studio_febcth/aunjai/.venv/bin/uvicorn", line 8, in <module>
    sys.exit(main())
             ~~~~^^
  File "/home/ai_studio_febcth/aunjai/.venv/lib/python3.13/site-packages/click/core.py", line 1485, in __call__
    return self.main(*args, **kwargs)
           ~~~~~~~~~^^^^^^^^^^^^^^^^^
  File "/home/ai_studio_febcth/aunjai/.venv/lib/python3.13/site-packages/click/core.py", line 1406, in main
    rv = self.invoke(ctx)
  File "/home/ai_studio_febcth/aunjai/.venv/lib/python3.13/site-packages/click/core.py", line 1269, in invoke
    return ctx.invoke(self.callback, **ctx.params)
           ~~~~~~~~~~^^^^^^^^^^^^^^^^^^^^^^^^^^^^^
  File "/home/ai_studio_febcth/aunjai/.venv/lib/python3.13/site-packages/click/core.py", line 824, in invoke
    return callback(*args, **kwargs)
  File "/home/ai_studio_febcth/aunjai/.venv/lib/python3.13/site-packages/uvicorn/main.py", line 433, in main
    run(
    ~~~^
        app,
        ^^^^
    ...<47 lines>...
        h11_max_incomplete_event_size=h11_max_incomplete_event_size,
        ^^^^^^^^^^^^^^^^^^^^^^^^^^^^^^^^^^^^^^^^^^^^^^^^^^^^^^^^^^^^
    )
    ^
  File "/home/ai_studio_febcth/aunjai/.venv/lib/python3.13/site-packages/uvicorn/main.py", line 606, in run
    server.run()
    ~~~~~~~~~~^^
  File "/home/ai_studio_febcth/aunjai/.venv/lib/python3.13/site-packages/uvicorn/server.py", line 75, in run
    return asyncio_run(self.serve(sockets=sockets), loop_factory=self.config.get_loop_factory())
  File "/usr/lib/python3.13/asyncio/runners.py", line 195, in run
    return runner.run(main)
           ~~~~~~~~~~^^^^^^
  File "/usr/lib/python3.13/asyncio/runners.py", line 118, in run
    return self._loop.run_until_complete(task)
           ~~~~~~~~~~~~~~~~~~~~~~~~~~~~~^^^^^^
  File "/usr/lib/python3.13/asyncio/base_events.py", line 725, in run_until_complete
    return future.result()
           ~~~~~~~~~~~~~^^
  File "/home/ai_studio_febcth/aunjai/.venv/lib/python3.13/site-packages/uvicorn/server.py", line 79, in serve
    await self._serve(sockets)
  File "/home/ai_studio_febcth/aunjai/.venv/lib/python3.13/site-packages/uvicorn/server.py", line 86, in _serve
    config.load()
    ~~~~~~~~~~~^^
  File "/home/ai_studio_febcth/aunjai/.venv/lib/python3.13/site-packages/uvicorn/config.py", line 441, in load
    self.loaded_app = import_from_string(self.app)
                      ~~~~~~~~~~~~~~~~~~^^^^^^^^^^
  File "/home/ai_studio_febcth/aunjai/.venv/lib/python3.13/site-packages/uvicorn/importer.py", line 19, in import_from_string
    module = importlib.import_module(module_str)
  File "/usr/lib/python3.13/importlib/__init__.py", line 88, in import_module
    return _bootstrap._gcd_import(name[level:], package, level)
           ~~~~~~~~~~~~~~~~~~~~~~^^^^^^^^^^^^^^^^^^^^^^^^^^^^^^
  File "<frozen importlib._bootstrap>", line 1387, in _gcd_import
  File "<frozen importlib._bootstrap>", line 1360, in _find_and_load
  File "<frozen importlib._bootstrap>", line 1331, in _find_and_load_unlocked
  File "<frozen importlib._bootstrap>", line 935, in _load_unlocked
  File "<frozen importlib._bootstrap_external>", line 1026, in exec_module
  File "<frozen importlib._bootstrap>", line 488, in _call_with_frames_removed
  File "/home/ai_studio_febcth/aunjai/api_server.py", line 31, in <module>
    maac = MAACMiddleware()
  File "/home/ai_studio_febcth/aunjai/maac_middleware.py", line 21, in __init__
    self._load_config()
    ~~~~~~~~~~~~~~~~~^^
  File "/home/ai_studio_febcth/aunjai/maac_middleware.py", line 25, in _load_config
    self.active_env = self.db.get_setting("maac_active_env", "production")
                      ~~~~~~~~~~~~~~~~~~~^^^^^^^^^^^^^^^^^^^^^^^^^^^^^^^^^
  File "/home/ai_studio_febcth/aunjai/db_handler.py", line 217, in get_setting
    with self._get_connection() as conn:
         ~~~~~~~~~~~~~~~~~~~~^^
  File "/home/ai_studio_febcth/aunjai/db_handler.py", line 15, in _get_connection
    return psycopg2.connect(self.conn_str)
           ~~~~~~~~~~~~~~~~^^^^^^^^^^^^^^^
  File "/home/ai_studio_febcth/aunjai/.venv/lib/python3.13/site-packages/psycopg2/__init__.py", line 122, in connect
    conn = _connect(dsn, connection_factory=connection_factory, **kwasync)
psycopg2.OperationalError: connection to server at "localhost" (127.0.0.1), port 5432 failed: FATAL:  password authentication failed for user "postgres"

